<?xml version="1.0" encoding="UTF-8"?>
<testng-results ignored="0" total="2" passed="2" failed="0" skipped="0">
  <reporter-output>
  </reporter-output>
  <suite started-at="2024-03-01T14:27:23Z" name="Default suite" finished-at="2024-03-01T14:28:17Z" duration-ms="53986">
    <groups>
    </groups>
    <test started-at="2024-03-01T14:27:23Z" name="Default test" finished-at="2024-03-01T14:28:17Z" duration-ms="53986">
      <class name="com.crm.qa.testcases.ImmigrationPageTest">
        <test-method is-config="true" signature="setUp()[pri:0, instance:com.crm.qa.testcases.ImmigrationPageTest@5890e879]" started-at="2024-03-01T19:57:23Z" name="setUp" finished-at="2024-03-01T19:57:47Z" duration-ms="24243" status="PASS">
          <reporter-output>
          </reporter-output>
        </test-method> <!-- setUp -->
        <test-method signature="addRecords()[pri:1, instance:com.crm.qa.testcases.ImmigrationPageTest@5890e879]" started-at="2024-03-01T19:57:47Z" name="addRecords" finished-at="2024-03-01T19:57:49Z" duration-ms="2083" status="PASS">
          <reporter-output>
          </reporter-output>
        </test-method> <!-- addRecords -->
        <test-method is-config="true" signature="tearDown()[pri:0, instance:com.crm.qa.testcases.ImmigrationPageTest@5890e879]" started-at="2024-03-01T19:57:49Z" name="tearDown" finished-at="2024-03-01T19:57:50Z" duration-ms="309" status="PASS">
          <reporter-output>
          </reporter-output>
        </test-method> <!-- tearDown -->
        <test-method is-config="true" signature="setUp()[pri:0, instance:com.crm.qa.testcases.ImmigrationPageTest@5890e879]" started-at="2024-03-01T19:57:50Z" name="setUp" finished-at="2024-03-01T19:58:15Z" duration-ms="25511" status="PASS">
          <reporter-output>
          </reporter-output>
        </test-method> <!-- setUp -->
        <test-method signature="VerifyTitle()[pri:2, instance:com.crm.qa.testcases.ImmigrationPageTest@5890e879]" started-at="2024-03-01T19:58:15Z" name="VerifyTitle" finished-at="2024-03-01T19:58:16Z" duration-ms="585" status="PASS">
          <reporter-output>
          </reporter-output>
        </test-method> <!-- VerifyTitle -->
        <test-method is-config="true" signature="tearDown()[pri:0, instance:com.crm.qa.testcases.ImmigrationPageTest@5890e879]" started-at="2024-03-01T19:58:16Z" name="tearDown" finished-at="2024-03-01T19:58:17Z" duration-ms="1220" status="PASS">
          <reporter-output>
          </reporter-output>
        </test-method> <!-- tearDown -->
      </class> <!-- com.crm.qa.testcases.ImmigrationPageTest -->
    </test> <!-- Default test -->
  </suite> <!-- Default suite -->
</testng-results>
